<?xml version="1.0" encoding="UTF-8"?>
<testsuite name="GrammarEdit"
           tests="2"
           failures="1"
           errors="0"
           skipped="0"
           time="0.005">
  <properties />
            <testcase name="g" time="0.000" classname="testcase.NewTest">
                <failure type="org.testng.TestNGException"
                  message="
Parameter &apos;browser&apos; is required by @Test on method g but has not been marked @Optional or defined
in D:\eclipse-jee-mars-1-win32-x86_64\workspace\grammarTest\document\testng.xml"
              >
<![CDATA[org.testng.TestNGException: 
Parameter 'browser' is required by @Test on method g but has not been marked @Optional or defined
in D:\eclipse-jee-mars-1-win32-x86_64\workspace\grammarTest\document\testng.xml
  org.testng.internal.Parameters.createParameters(Parameters.java:155)
  org.testng.internal.Parameters.createParameters(Parameters.java:358)
  org.testng.internal.Parameters.handleParameters(Parameters.java:450)
  org.testng.internal.Invoker.handleParameters(Invoker.java:1383)
  org.testng.internal.Invoker.createParameters(Invoker.java:1075)
  org.testng.internal.Invoker.invokeTestMethods(Invoker.java:1180)
  org.testng.internal.TestMethodWorker.invokeTestMethods(TestMethodWorker.java:127)
  org.testng.internal.TestMethodWorker.run(TestMethodWorker.java:111)
  org.testng.TestRunner.privateRun(TestRunner.java:767)
  org.testng.TestRunner.run(TestRunner.java:617)
  org.testng.SuiteRunner.runTest(SuiteRunner.java:334)
  org.testng.SuiteRunner.runSequentially(SuiteRunner.java:329)
  org.testng.SuiteRunner.privateRun(SuiteRunner.java:291)
  org.testng.SuiteRunner.run(SuiteRunner.java:240)
  org.testng.SuiteRunnerWorker.runSuite(SuiteRunnerWorker.java:52)
  org.testng.SuiteRunnerWorker.run(SuiteRunnerWorker.java:86)
  org.testng.TestNG.runSuitesSequentially(TestNG.java:1224)
  org.testng.TestNG.runSuitesLocally(TestNG.java:1149)
  org.testng.TestNG.run(TestNG.java:1057)
  org.testng.remote.AbstractRemoteTestNG.run(AbstractRemoteTestNG.java:126)
  org.testng.remote.RemoteTestNG.initAndRun(RemoteTestNG.java:152)
  org.testng.remote.RemoteTestNG.main(RemoteTestNG.java:57)
]]>
      </failure>

          </testcase>
  
  
            <testcase name="f" time="0.005" classname="testcase.NewTest" />
      
</testsuite>
