<!DOCTYPE html PUBLIC "-//W3C//DTD XHTML 1.1//EN" "http://www.w3.org/TR/xhtml11/DTD/xhtml11.dtd">
<html xmlns="http://www.w3.org/1999/xhtml"><head><title>TestNG Report</title><style type="text/css">table {margin-bottom:10px;border-collapse:collapse;empty-cells:show}th,td {border:1px solid #009;padding:.25em .5em}th {vertical-align:bottom}td {vertical-align:top}table a {font-weight:bold}.stripe td {background-color: #E6EBF9}.num {text-align:right}.passedodd td {background-color: #3F3}.passedeven td {background-color: #0A0}.skippedodd td {background-color: #DDD}.skippedeven td {background-color: #CCC}.failedodd td,.attn {background-color: #F33}.failedeven td,.stripe .attn {background-color: #D00}.stacktrace {white-space:pre;font-family:monospace}.totop {font-size:85%;text-align:center;border-bottom:2px solid #000}</style></head><body><table><tr><th>Test</th><th># Passed</th><th># Skipped</th><th># Failed</th><th>Time (ms)</th><th>Included Groups</th><th>Excluded Groups</th></tr><tr><th colspan="7">Suite</th></tr><tr><td><a href="#t0">GrammarEdit</a></td><td class="num">2</td><td class="num">0</td><td class="num attn">2</td><td class="num">19,032</td><td></td><td></td></tr></table><table><thead><tr><th>Class</th><th>Method</th><th>Start</th><th>Time (ms)</th></tr></thead><tbody><tr><th colspan="4">Suite</th></tr></tbody><tbody id="t0"><tr><th colspan="4">GrammarEdit &#8212; failed</th></tr><tr class="failedeven"><td rowspan="1">testcase.LoginCase</td><td><a href="#m0">f</a></td><td rowspan="1">1491026551886</td><td rowspan="1">14542</td></tr><tr class="failedodd"><td rowspan="1">testcase.NewTest</td><td><a href="#m1">g</a></td><td rowspan="1">1491026567490</td><td rowspan="1">0</td></tr><tr><th colspan="4">GrammarEdit &#8212; passed</th></tr><tr class="passedeven"><td rowspan="1">testcase.MyTest</td><td><a href="#m2">f</a></td><td rowspan="1">1491026567472</td><td rowspan="1">3</td></tr><tr class="passedodd"><td rowspan="1">testcase.NewTest</td><td><a href="#m3">f</a></td><td rowspan="1">1491026567480</td><td rowspan="1">5</td></tr></tbody></table><h2>GrammarEdit</h2><h3 id="m0">testcase.LoginCase#f</h3><table class="result"><tr><th>Exception</th></tr><tr><td><div class="stacktrace">java.lang.Exception: can&apos;t click [Submit] in [LoginPage]
	at utils.Actions.click(Actions.java:77)
	at modules.LoginModule.login(LoginModule.java:12)
	at testcase.LoginCase.f(LoginCase.java:17)
... Removed 24 stack frames</div></td></tr></table><p class="totop"><a href="#summary">back to summary</a></p><h3 id="m1">testcase.NewTest#g</h3><table class="result"><tr><th>Exception</th></tr><tr><td><div class="stacktrace">org.testng.TestNGException: 
Parameter &apos;browser&apos; is required by @Test on method g but has not been marked @Optional or defined
in D:\eclipse-jee-mars-1-win32-x86_64\workspace\grammarTest\document\testng.xml
... Removed 22 stack frames</div></td></tr></table><p class="totop"><a href="#summary">back to summary</a></p><h3 id="m2">testcase.MyTest#f</h3><table class="result"></table><p class="totop"><a href="#summary">back to summary</a></p><h3 id="m3">testcase.NewTest#f</h3><table class="result"></table><p class="totop"><a href="#summary">back to summary</a></p></body></html>